{"level":"error","message":"Error when saving client : 2 | Error : socketClient is not defined","timestamp":"2018-04-09T17:51:40.118Z"}
{"level":"error","message":"Error when trying to send a message to specific client : socketId is not defined","timestamp":"2018-04-09T19:26:51.901Z"}
{"date":"Mon Apr 09 2018 22:05:56 GMT+0200 (Paris, Madrid (heure d’été))","process":{"pid":19352,"uid":null,"gid":null,"cwd":"d:\\Projets informatiques\\MyLearningChain.socketio","execPath":"C:\\Program Files\\nodejs\\node.exe","version":"v9.2.0","argv":["C:\\Program Files\\nodejs\\node.exe","d:\\Projets informatiques\\MyLearningChain.socketio\\server.js"],"memoryUsage":{"rss":47874048,"heapTotal":20054016,"heapUsed":17275544,"external":38142}},"os":{"loadavg":[0,0,0],"uptime":225361.3462531},"trace":[{"column":31,"file":"d:\\Projets informatiques\\MyLearningChain.socketio\\services\\socketServer.js","function":null,"line":34,"method":null,"native":false},{"column":13,"file":"events.js","function":"Socket.emit","line":159,"method":"emit","native":false},{"column":10,"file":"d:\\Projets informatiques\\MyLearningChain.socketio\\node_modules\\socket.io\\lib\\socket.js","function":"Socket.emit","line":141,"method":"emit","native":false},{"column":8,"file":"d:\\Projets informatiques\\MyLearningChain.socketio\\node_modules\\socket.io\\lib\\socket.js","function":"Socket.onclose","line":453,"method":"onclose","native":false},{"column":8,"file":"d:\\Projets informatiques\\MyLearningChain.socketio\\node_modules\\socket.io\\lib\\socket.js","function":"Socket.ondisconnect","line":417,"method":"ondisconnect","native":false},{"column":12,"file":"d:\\Projets informatiques\\MyLearningChain.socketio\\node_modules\\socket.io\\lib\\socket.js","function":"Socket.onpacket","line":339,"method":"onpacket","native":false},{"column":16,"file":"d:\\Projets informatiques\\MyLearningChain.socketio\\node_modules\\socket.io\\lib\\client.js","function":null,"line":214,"method":null,"native":false},{"column":7,"file":"internal/process/next_tick.js","function":"_combinedTickCallback","line":131,"method":null,"native":false},{"column":9,"file":"internal/process/next_tick.js","function":"process._tickCallback","line":180,"method":"_tickCallback","native":false}],"stack":["TypeError: clientService.set.removeClients is not a function","    at Socket.<anonymous> (d:\\Projets informatiques\\MyLearningChain.socketio\\services\\socketServer.js:34:31)","    at Socket.emit (events.js:159:13)","    at Socket.emit (d:\\Projets informatiques\\MyLearningChain.socketio\\node_modules\\socket.io\\lib\\socket.js:141:10)","    at Socket.onclose (d:\\Projets informatiques\\MyLearningChain.socketio\\node_modules\\socket.io\\lib\\socket.js:453:8)","    at Socket.ondisconnect (d:\\Projets informatiques\\MyLearningChain.socketio\\node_modules\\socket.io\\lib\\socket.js:417:8)","    at Socket.onpacket (d:\\Projets informatiques\\MyLearningChain.socketio\\node_modules\\socket.io\\lib\\socket.js:339:12)","    at d:\\Projets informatiques\\MyLearningChain.socketio\\node_modules\\socket.io\\lib\\client.js:214:16","    at _combinedTickCallback (internal/process/next_tick.js:131:7)","    at process._tickCallback (internal/process/next_tick.js:180:9)"],"level":"error","message":"uncaughtException: clientService.set.removeClients is not a function","timestamp":"2018-04-09T20:05:56.837Z"}
{"level":"error","message":"Error when remove client hIKd3H7pCz51KIiNAAAA : ary is not defined","timestamp":"2018-04-09T20:06:19.330Z"}
{"date":"Mon Apr 09 2018 23:13:34 GMT+0200 (Paris, Madrid (heure d’été))","process":{"pid":11160,"uid":null,"gid":null,"cwd":"d:\\Projets informatiques\\MyLearningChain.socketio","execPath":"C:\\Program Files\\nodejs\\node.exe","version":"v9.2.0","argv":["C:\\Program Files\\nodejs\\node.exe","d:\\Projets informatiques\\MyLearningChain.socketio\\server.js"],"memoryUsage":{"rss":56430592,"heapTotal":33910784,"heapUsed":23027008,"external":808399}},"os":{"loadavg":[0,0,0],"uptime":229419.5035349},"trace":[{"column":10,"file":"vm.js","function":"createScript","line":80,"method":null,"native":false},{"column":10,"file":"vm.js","function":"Object.runInThisContext","line":152,"method":"runInThisContext","native":false},{"column":28,"file":"module.js","function":"Module._compile","line":605,"method":"_compile","native":false},{"column":10,"file":"module.js","function":"Module._extensions..js","line":652,"method":".js","native":false},{"column":32,"file":"module.js","function":"Module.load","line":560,"method":"load","native":false},{"column":12,"file":"module.js","function":"tryModuleLoad","line":503,"method":null,"native":false},{"column":3,"file":"module.js","function":"Module._load","line":495,"method":"_load","native":false},{"column":17,"file":"module.js","function":"Module.require","line":585,"method":"require","native":false},{"column":18,"file":"internal/module.js","function":"require","line":11,"method":null,"native":false},{"column":21,"file":"d:\\Projets informatiques\\MyLearningChain.socketio\\services\\socketServer.js","function":null,"line":4,"method":null,"native":false},{"column":30,"file":"module.js","function":"Module._compile","line":641,"method":"_compile","native":false},{"column":10,"file":"module.js","function":"Module._extensions..js","line":652,"method":".js","native":false},{"column":32,"file":"module.js","function":"Module.load","line":560,"method":"load","native":false},{"column":12,"file":"module.js","function":"tryModuleLoad","line":503,"method":null,"native":false},{"column":3,"file":"module.js","function":"Module._load","line":495,"method":"_load","native":false},{"column":17,"file":"module.js","function":"Module.require","line":585,"method":"require","native":false},{"column":18,"file":"internal/module.js","function":"require","line":11,"method":null,"native":false},{"column":10,"file":"d:\\Projets informatiques\\MyLearningChain.socketio\\server.js","function":null,"line":3,"method":null,"native":false},{"column":14,"file":"module.js","function":"Module._compile","line":638,"method":"_compile","native":false},{"column":10,"file":"module.js","function":"Module._extensions..js","line":652,"method":".js","native":false},{"column":32,"file":"module.js","function":"Module.load","line":560,"method":"load","native":false},{"column":12,"file":"module.js","function":"tryModuleLoad","line":503,"method":null,"native":false}],"stack":["d:\\Projets informatiques\\MyLearningChain.socketio\\services\\socketStorage.js:81","            return result[];","                          ^","","SyntaxError: Unexpected token ]","    at createScript (vm.js:80:10)","    at Object.runInThisContext (vm.js:152:10)","    at Module._compile (module.js:605:28)","    at Object.Module._extensions..js (module.js:652:10)","    at Module.load (module.js:560:32)","    at tryModuleLoad (module.js:503:12)","    at Function.Module._load (module.js:495:3)","    at Module.require (module.js:585:17)","    at require (internal/module.js:11:18)","    at Object.<anonymous> (d:\\Projets informatiques\\MyLearningChain.socketio\\services\\socketServer.js:4:21)","    at Module._compile (module.js:641:30)","    at Object.Module._extensions..js (module.js:652:10)","    at Module.load (module.js:560:32)","    at tryModuleLoad (module.js:503:12)","    at Function.Module._load (module.js:495:3)","    at Module.require (module.js:585:17)","    at require (internal/module.js:11:18)","    at Object.<anonymous> (d:\\Projets informatiques\\MyLearningChain.socketio\\server.js:3:10)","    at Module._compile (module.js:638:14)","    at Object.Module._extensions..js (module.js:652:10)","    at Module.load (module.js:560:32)","    at tryModuleLoad (module.js:503:12)"],"level":"error","message":"uncaughtException: Unexpected token ]","timestamp":"2018-04-09T21:13:34.994Z"}
{"date":"Mon Apr 09 2018 23:15:04 GMT+0200 (Paris, Madrid (heure d’été))","process":{"pid":19112,"uid":null,"gid":null,"cwd":"d:\\Projets informatiques\\MyLearningChain.socketio","execPath":"C:\\Program Files\\nodejs\\node.exe","version":"v9.2.0","argv":["C:\\Program Files\\nodejs\\node.exe","d:\\Projets informatiques\\MyLearningChain.socketio\\server.js"],"memoryUsage":{"rss":57610240,"heapTotal":36007936,"heapUsed":18460184,"external":122871}},"os":{"loadavg":[0,0,0],"uptime":229509.5021732},"trace":[{"column":10,"file":"vm.js","function":"createScript","line":80,"method":null,"native":false},{"column":10,"file":"vm.js","function":"Object.runInThisContext","line":152,"method":"runInThisContext","native":false},{"column":28,"file":"module.js","function":"Module._compile","line":605,"method":"_compile","native":false},{"column":10,"file":"module.js","function":"Module._extensions..js","line":652,"method":".js","native":false},{"column":32,"file":"module.js","function":"Module.load","line":560,"method":"load","native":false},{"column":12,"file":"module.js","function":"tryModuleLoad","line":503,"method":null,"native":false},{"column":3,"file":"module.js","function":"Module._load","line":495,"method":"_load","native":false},{"column":17,"file":"module.js","function":"Module.require","line":585,"method":"require","native":false},{"column":18,"file":"internal/module.js","function":"require","line":11,"method":null,"native":false},{"column":21,"file":"d:\\Projets informatiques\\MyLearningChain.socketio\\services\\socketServer.js","function":null,"line":4,"method":null,"native":false},{"column":30,"file":"module.js","function":"Module._compile","line":641,"method":"_compile","native":false},{"column":10,"file":"module.js","function":"Module._extensions..js","line":652,"method":".js","native":false},{"column":32,"file":"module.js","function":"Module.load","line":560,"method":"load","native":false},{"column":12,"file":"module.js","function":"tryModuleLoad","line":503,"method":null,"native":false},{"column":3,"file":"module.js","function":"Module._load","line":495,"method":"_load","native":false},{"column":17,"file":"module.js","function":"Module.require","line":585,"method":"require","native":false},{"column":18,"file":"internal/module.js","function":"require","line":11,"method":null,"native":false},{"column":10,"file":"d:\\Projets informatiques\\MyLearningChain.socketio\\server.js","function":null,"line":3,"method":null,"native":false},{"column":14,"file":"module.js","function":"Module._compile","line":638,"method":"_compile","native":false},{"column":10,"file":"module.js","function":"Module._extensions..js","line":652,"method":".js","native":false},{"column":32,"file":"module.js","function":"Module.load","line":560,"method":"load","native":false},{"column":12,"file":"module.js","function":"tryModuleLoad","line":503,"method":null,"native":false}],"stack":["d:\\Projets informatiques\\MyLearningChain.socketio\\services\\socketStorage.js:81","            return result[];","                          ^","","SyntaxError: Unexpected token ]","    at createScript (vm.js:80:10)","    at Object.runInThisContext (vm.js:152:10)","    at Module._compile (module.js:605:28)","    at Object.Module._extensions..js (module.js:652:10)","    at Module.load (module.js:560:32)","    at tryModuleLoad (module.js:503:12)","    at Function.Module._load (module.js:495:3)","    at Module.require (module.js:585:17)","    at require (internal/module.js:11:18)","    at Object.<anonymous> (d:\\Projets informatiques\\MyLearningChain.socketio\\services\\socketServer.js:4:21)","    at Module._compile (module.js:641:30)","    at Object.Module._extensions..js (module.js:652:10)","    at Module.load (module.js:560:32)","    at tryModuleLoad (module.js:503:12)","    at Function.Module._load (module.js:495:3)","    at Module.require (module.js:585:17)","    at require (internal/module.js:11:18)","    at Object.<anonymous> (d:\\Projets informatiques\\MyLearningChain.socketio\\server.js:3:10)","    at Module._compile (module.js:638:14)","    at Object.Module._extensions..js (module.js:652:10)","    at Module.load (module.js:560:32)","    at tryModuleLoad (module.js:503:12)"],"level":"error","message":"uncaughtException: Unexpected token ]","timestamp":"2018-04-09T21:15:04.993Z"}
{"date":"Mon Apr 09 2018 23:15:13 GMT+0200 (Paris, Madrid (heure d’été))","process":{"pid":12388,"uid":null,"gid":null,"cwd":"d:\\Projets informatiques\\MyLearningChain.socketio","execPath":"C:\\Program Files\\nodejs\\node.exe","version":"v9.2.0","argv":["C:\\Program Files\\nodejs\\node.exe","d:\\Projets informatiques\\MyLearningChain.socketio\\server.js"],"memoryUsage":{"rss":58204160,"heapTotal":35483648,"heapUsed":19152512,"external":131063}},"os":{"loadavg":[0,0,0],"uptime":229518.2524812},"trace":[{"column":10,"file":"vm.js","function":"createScript","line":80,"method":null,"native":false},{"column":10,"file":"vm.js","function":"Object.runInThisContext","line":152,"method":"runInThisContext","native":false},{"column":28,"file":"module.js","function":"Module._compile","line":605,"method":"_compile","native":false},{"column":10,"file":"module.js","function":"Module._extensions..js","line":652,"method":".js","native":false},{"column":32,"file":"module.js","function":"Module.load","line":560,"method":"load","native":false},{"column":12,"file":"module.js","function":"tryModuleLoad","line":503,"method":null,"native":false},{"column":3,"file":"module.js","function":"Module._load","line":495,"method":"_load","native":false},{"column":17,"file":"module.js","function":"Module.require","line":585,"method":"require","native":false},{"column":18,"file":"internal/module.js","function":"require","line":11,"method":null,"native":false},{"column":21,"file":"d:\\Projets informatiques\\MyLearningChain.socketio\\services\\socketServer.js","function":null,"line":4,"method":null,"native":false},{"column":30,"file":"module.js","function":"Module._compile","line":641,"method":"_compile","native":false},{"column":10,"file":"module.js","function":"Module._extensions..js","line":652,"method":".js","native":false},{"column":32,"file":"module.js","function":"Module.load","line":560,"method":"load","native":false},{"column":12,"file":"module.js","function":"tryModuleLoad","line":503,"method":null,"native":false},{"column":3,"file":"module.js","function":"Module._load","line":495,"method":"_load","native":false},{"column":17,"file":"module.js","function":"Module.require","line":585,"method":"require","native":false},{"column":18,"file":"internal/module.js","function":"require","line":11,"method":null,"native":false},{"column":10,"file":"d:\\Projets informatiques\\MyLearningChain.socketio\\server.js","function":null,"line":3,"method":null,"native":false},{"column":14,"file":"module.js","function":"Module._compile","line":638,"method":"_compile","native":false},{"column":10,"file":"module.js","function":"Module._extensions..js","line":652,"method":".js","native":false},{"column":32,"file":"module.js","function":"Module.load","line":560,"method":"load","native":false},{"column":12,"file":"module.js","function":"tryModuleLoad","line":503,"method":null,"native":false}],"stack":["d:\\Projets informatiques\\MyLearningChain.socketio\\services\\socketStorage.js:81","            return result[];","                          ^","","SyntaxError: Unexpected token ]","    at createScript (vm.js:80:10)","    at Object.runInThisContext (vm.js:152:10)","    at Module._compile (module.js:605:28)","    at Object.Module._extensions..js (module.js:652:10)","    at Module.load (module.js:560:32)","    at tryModuleLoad (module.js:503:12)","    at Function.Module._load (module.js:495:3)","    at Module.require (module.js:585:17)","    at require (internal/module.js:11:18)","    at Object.<anonymous> (d:\\Projets informatiques\\MyLearningChain.socketio\\services\\socketServer.js:4:21)","    at Module._compile (module.js:641:30)","    at Object.Module._extensions..js (module.js:652:10)","    at Module.load (module.js:560:32)","    at tryModuleLoad (module.js:503:12)","    at Function.Module._load (module.js:495:3)","    at Module.require (module.js:585:17)","    at require (internal/module.js:11:18)","    at Object.<anonymous> (d:\\Projets informatiques\\MyLearningChain.socketio\\server.js:3:10)","    at Module._compile (module.js:638:14)","    at Object.Module._extensions..js (module.js:652:10)","    at Module.load (module.js:560:32)","    at tryModuleLoad (module.js:503:12)"],"level":"error","message":"uncaughtException: Unexpected token ]","timestamp":"2018-04-09T21:15:13.743Z"}
{"level":"error","message":"[newMessage] Error: Cannot read property 'forEach' of undefined","timestamp":"2018-04-10T14:56:21.781Z"}
{"level":"error","message":"[newMessage] Error: socketStorage.getClient is not a function","timestamp":"2018-04-10T16:47:02.962Z"}
{"level":"error","message":"Error when trying to send a message to specific client : client is not defined","timestamp":"2018-04-10T17:07:44.008Z"}
{"level":"error","message":"Error when trying to send a message to specific client : client is not defined","timestamp":"2018-04-10T17:07:44.010Z"}
{"level":"error","message":"Error when trying to send a message to specific client : client is not defined","timestamp":"2018-04-10T17:07:44.010Z"}
{"level":"error","message":"Error when trying to send a message to specific client : client is not defined","timestamp":"2018-04-10T17:10:29.754Z"}
{"level":"error","message":"Error when trying to send a message to specific client : client is not defined","timestamp":"2018-04-10T17:10:29.755Z"}
{"level":"error","message":"Error when trying to send a message to specific client : client is not defined","timestamp":"2018-04-10T17:10:29.756Z"}
{"level":"error","message":"Error when trying to send a message to specific client : client is not defined","timestamp":"2018-04-10T17:10:29.756Z"}
{"level":"error","message":"Error when trying to send a message to specific client : client is not defined","timestamp":"2018-04-10T17:10:29.756Z"}
{"level":"error","message":"Error when trying to send a message to specific client : client is not defined","timestamp":"2018-04-10T17:11:25.546Z"}
{"level":"error","message":"Error when trying to send a message to specific client : client is not defined","timestamp":"2018-04-10T17:11:25.547Z"}
{"level":"error","message":"Error when trying to send a message to specific client : client is not defined","timestamp":"2018-04-10T17:11:25.548Z"}
{"level":"error","message":"Error when trying to send a message to specific client : client is not defined","timestamp":"2018-04-10T17:11:25.548Z"}
{"level":"error","message":"Error when trying to send a message to specific client : client is not defined","timestamp":"2018-04-10T17:11:25.549Z"}
{"level":"error","message":"Error when trying to send a message to specific client : client is not defined","timestamp":"2018-04-10T17:11:25.549Z"}
{"level":"error","message":"Error when trying to send a message to specific client : client is not defined","timestamp":"2018-04-10T17:15:05.079Z"}
{"level":"error","message":"Error when trying to send a message to specific client : client is not defined","timestamp":"2018-04-10T17:15:05.081Z"}
{"level":"error","message":"Error when trying to send a message to specific client : client is not defined","timestamp":"2018-04-10T17:15:05.081Z"}
{"level":"error","message":"Error when trying to send a message to specific client : client is not defined","timestamp":"2018-04-10T17:15:05.082Z"}
{"level":"error","message":"Error when trying to send a message to specific client : client is not defined","timestamp":"2018-04-10T17:15:05.084Z"}
{"level":"error","message":"Error when trying to send a message to specific client : client is not defined","timestamp":"2018-04-10T17:15:05.085Z"}
{"level":"error","message":"Error when trying to send a message to specific client : client is not defined","timestamp":"2018-04-10T17:15:05.086Z"}
{"level":"error","message":"Error when trying to send a message to specific client : client is not defined","timestamp":"2018-04-10T17:16:50.950Z"}
{"level":"error","message":"Error when trying to send a message to specific client : client is not defined","timestamp":"2018-04-10T17:16:50.951Z"}
{"level":"error","message":"Error when trying to send a message to specific client : client is not defined","timestamp":"2018-04-10T17:16:50.951Z"}
{"level":"error","message":"Error when trying to send a message to specific client : client is not defined","timestamp":"2018-04-10T17:16:50.952Z"}
{"level":"error","message":"Error when trying to send a message to specific client : client is not defined","timestamp":"2018-04-10T17:16:50.952Z"}
{"level":"error","message":"Error when trying to send a message to specific client : client is not defined","timestamp":"2018-04-10T17:16:50.952Z"}
{"level":"error","message":"Error when trying to send a message to specific client : client is not defined","timestamp":"2018-04-10T17:16:50.953Z"}
{"level":"error","message":"Error when trying to send a message to specific client : client is not defined","timestamp":"2018-04-10T17:16:50.953Z"}
{"level":"error","message":"Error when trying to send a message to specific client : client is not defined","timestamp":"2018-04-10T17:19:44.940Z"}
{"level":"error","message":"Error when trying to send a message to specific client : client is not defined","timestamp":"2018-04-10T17:19:44.940Z"}
{"level":"error","message":"Error when trying to send a message to specific client : client is not defined","timestamp":"2018-04-10T17:19:44.941Z"}
{"level":"error","message":"Error when trying to send a message to specific client : client is not defined","timestamp":"2018-04-10T17:19:44.941Z"}
{"level":"error","message":"Error when trying to send a message to specific client : client is not defined","timestamp":"2018-04-10T17:19:44.941Z"}
{"level":"error","message":"Error when trying to send a message to specific client : client is not defined","timestamp":"2018-04-10T17:19:44.942Z"}
{"level":"error","message":"Error when trying to send a message to specific client : client is not defined","timestamp":"2018-04-10T17:19:44.942Z"}
{"level":"error","message":"Error when trying to send a message to specific client : client is not defined","timestamp":"2018-04-10T17:19:44.942Z"}
{"level":"error","message":"Error when trying to send a message to specific client : client is not defined","timestamp":"2018-04-10T17:19:44.943Z"}
{"level":"error","message":"Error when trying to send a message to specific client : client is not defined","timestamp":"2018-04-10T17:21:38.130Z"}
{"level":"error","message":"Error when trying to send a message to specific client : client is not defined","timestamp":"2018-04-10T17:21:38.131Z"}
{"level":"error","message":"Error when trying to send a message to specific client : client is not defined","timestamp":"2018-04-10T17:21:38.131Z"}
{"level":"error","message":"Error when trying to send a message to specific client : client is not defined","timestamp":"2018-04-10T17:21:38.132Z"}
{"level":"error","message":"Error when trying to send a message to specific client : client is not defined","timestamp":"2018-04-10T17:21:38.133Z"}
{"level":"error","message":"Error when trying to send a message to specific client : client is not defined","timestamp":"2018-04-10T17:21:38.133Z"}
{"level":"error","message":"Error when trying to send a message to specific client : client is not defined","timestamp":"2018-04-10T17:21:38.134Z"}
{"level":"error","message":"Error when trying to send a message to specific client : client is not defined","timestamp":"2018-04-10T17:21:38.135Z"}
{"level":"error","message":"Error when trying to send a message to specific client : client is not defined","timestamp":"2018-04-10T17:21:38.135Z"}
{"level":"error","message":"Error when trying to send a message to specific client : client is not defined","timestamp":"2018-04-10T17:21:38.136Z"}
{"level":"error","message":"Error when trying to send a message to specific client : client is not defined","timestamp":"2018-04-10T17:24:42.623Z"}
{"level":"error","message":"Error when trying to send a message to specific client : client is not defined","timestamp":"2018-04-10T17:24:42.623Z"}
{"level":"error","message":"Error when trying to send a message to specific client : client is not defined","timestamp":"2018-04-10T17:24:42.623Z"}
{"level":"error","message":"Error when trying to send a message to specific client : client is not defined","timestamp":"2018-04-10T17:24:42.624Z"}
{"level":"error","message":"Error when trying to send a message to specific client : client is not defined","timestamp":"2018-04-10T17:24:42.624Z"}
{"level":"error","message":"Error when trying to send a message to specific client : client is not defined","timestamp":"2018-04-10T17:24:42.625Z"}
{"level":"error","message":"Error when trying to send a message to specific client : client is not defined","timestamp":"2018-04-10T17:24:42.625Z"}
{"level":"error","message":"Error when trying to send a message to specific client : client is not defined","timestamp":"2018-04-10T17:24:42.625Z"}
{"level":"error","message":"Error when trying to send a message to specific client : client is not defined","timestamp":"2018-04-10T17:24:42.626Z"}
{"level":"error","message":"Error when trying to send a message to specific client : client is not defined","timestamp":"2018-04-10T17:24:42.626Z"}
{"level":"error","message":"Error when trying to send a message to specific client : client is not defined","timestamp":"2018-04-10T17:24:42.627Z"}
{"level":"error","message":"Error when trying to send a message to specific client : client is not defined","timestamp":"2018-04-10T17:30:05.457Z"}
{"level":"error","message":"Error when trying to send a message to specific client : client is not defined","timestamp":"2018-04-10T17:30:05.457Z"}
{"level":"error","message":"Error when trying to send a message to specific client : client is not defined","timestamp":"2018-04-10T17:30:05.458Z"}
{"level":"error","message":"Error when trying to send a message to specific client : client is not defined","timestamp":"2018-04-10T17:30:05.458Z"}
{"level":"error","message":"Error when trying to send a message to specific client : client is not defined","timestamp":"2018-04-10T17:30:05.459Z"}
{"level":"error","message":"Error when trying to send a message to specific client : client is not defined","timestamp":"2018-04-10T17:30:05.460Z"}
{"level":"error","message":"Error when trying to send a message to specific client : client is not defined","timestamp":"2018-04-10T17:30:05.462Z"}
{"level":"error","message":"Error when trying to send a message to specific client : client is not defined","timestamp":"2018-04-10T17:30:05.462Z"}
{"level":"error","message":"Error when trying to send a message to specific client : client is not defined","timestamp":"2018-04-10T17:30:05.463Z"}
{"level":"error","message":"Error when trying to send a message to specific client : client is not defined","timestamp":"2018-04-10T17:30:05.464Z"}
{"level":"error","message":"Error when trying to send a message to specific client : client is not defined","timestamp":"2018-04-10T17:30:05.464Z"}
{"level":"error","message":"Error when trying to send a message to specific client : client is not defined","timestamp":"2018-04-10T17:30:05.465Z"}
{"level":"error","message":"Error when trying to send a message to specific client : client is not defined","timestamp":"2018-04-10T17:30:05.465Z"}
{"level":"error","message":"Error when trying to send a message to specific client : client is not defined","timestamp":"2018-04-10T17:30:05.466Z"}
{"level":"error","message":"Error when trying to send a message to specific client : client is not defined","timestamp":"2018-04-10T17:30:11.901Z"}
{"level":"error","message":"Error when trying to send a message to specific client : client is not defined","timestamp":"2018-04-10T17:30:11.902Z"}
{"level":"error","message":"Error when trying to send a message to specific client : client is not defined","timestamp":"2018-04-10T17:30:11.902Z"}
{"level":"error","message":"Error when trying to send a message to specific client : client is not defined","timestamp":"2018-04-10T17:30:11.903Z"}
{"level":"error","message":"Error when trying to send a message to specific client : client is not defined","timestamp":"2018-04-10T17:30:11.903Z"}
{"level":"error","message":"Error when trying to send a message to specific client : client is not defined","timestamp":"2018-04-10T17:30:11.904Z"}
{"level":"error","message":"Error when trying to send a message to specific client : client is not defined","timestamp":"2018-04-10T17:30:11.904Z"}
{"level":"error","message":"Error when trying to send a message to specific client : client is not defined","timestamp":"2018-04-10T17:30:11.905Z"}
{"level":"error","message":"Error when trying to send a message to specific client : client is not defined","timestamp":"2018-04-10T17:30:11.905Z"}
{"level":"error","message":"Error when trying to send a message to specific client : client is not defined","timestamp":"2018-04-10T17:30:11.905Z"}
{"level":"error","message":"Error when trying to send a message to specific client : client is not defined","timestamp":"2018-04-10T17:30:11.906Z"}
{"level":"error","message":"Error when trying to send a message to specific client : client is not defined","timestamp":"2018-04-10T17:30:11.907Z"}
{"level":"error","message":"Error when trying to send a message to specific client : client is not defined","timestamp":"2018-04-10T17:30:11.907Z"}
{"level":"error","message":"Error when trying to send a message to specific client : client is not defined","timestamp":"2018-04-10T17:30:11.908Z"}
{"level":"error","message":"Error when trying to send a message to specific client : client is not defined","timestamp":"2018-04-10T17:31:17.776Z"}
{"level":"error","message":"Error when trying to send a message to specific client : client is not defined","timestamp":"2018-04-10T17:31:17.777Z"}
{"level":"error","message":"Error when trying to send a message to specific client : client is not defined","timestamp":"2018-04-10T17:31:17.779Z"}
{"level":"error","message":"Error when trying to send a message to specific client : client is not defined","timestamp":"2018-04-10T17:31:17.780Z"}
{"level":"error","message":"Error when trying to send a message to specific client : client is not defined","timestamp":"2018-04-10T17:31:17.781Z"}
{"level":"error","message":"Error when trying to send a message to specific client : client is not defined","timestamp":"2018-04-10T17:31:17.781Z"}
{"level":"error","message":"Error when trying to send a message to specific client : client is not defined","timestamp":"2018-04-10T17:31:17.782Z"}
{"level":"error","message":"Error when trying to send a message to specific client : client is not defined","timestamp":"2018-04-10T17:31:17.783Z"}
{"level":"error","message":"Error when trying to send a message to specific client : client is not defined","timestamp":"2018-04-10T17:31:17.783Z"}
{"level":"error","message":"Error when trying to send a message to specific client : client is not defined","timestamp":"2018-04-10T17:31:17.784Z"}
{"level":"error","message":"Error when trying to send a message to specific client : client is not defined","timestamp":"2018-04-10T17:31:17.784Z"}
{"level":"error","message":"Error when trying to send a message to specific client : client is not defined","timestamp":"2018-04-10T17:31:17.785Z"}
{"level":"error","message":"Error when trying to send a message to specific client : client is not defined","timestamp":"2018-04-10T17:31:17.785Z"}
{"level":"error","message":"Error when trying to send a message to specific client : client is not defined","timestamp":"2018-04-10T17:31:17.787Z"}
{"level":"error","message":"Error when trying to send a message to specific client : client is not defined","timestamp":"2018-04-10T17:31:17.788Z"}
{"level":"error","message":"Error when trying to send a message to specific client : client is not defined","timestamp":"2018-04-10T17:31:54.333Z"}
{"level":"error","message":"Error when trying to send a message to specific client : client is not defined","timestamp":"2018-04-10T17:31:54.334Z"}
{"level":"error","message":"Error when trying to send a message to specific client : client is not defined","timestamp":"2018-04-10T17:31:54.335Z"}
{"level":"error","message":"Error when trying to send a message to specific client : client is not defined","timestamp":"2018-04-10T17:31:54.335Z"}
{"level":"error","message":"Error when trying to send a message to specific client : client is not defined","timestamp":"2018-04-10T17:31:54.336Z"}
{"level":"error","message":"Error when trying to send a message to specific client : client is not defined","timestamp":"2018-04-10T17:31:54.336Z"}
{"level":"error","message":"Error when trying to send a message to specific client : client is not defined","timestamp":"2018-04-10T17:31:54.337Z"}
{"level":"error","message":"Error when trying to send a message to specific client : client is not defined","timestamp":"2018-04-10T17:31:54.337Z"}
{"level":"error","message":"Error when trying to send a message to specific client : client is not defined","timestamp":"2018-04-10T17:31:54.338Z"}
{"level":"error","message":"Error when trying to send a message to specific client : client is not defined","timestamp":"2018-04-10T17:31:54.338Z"}
{"level":"error","message":"Error when trying to send a message to specific client : client is not defined","timestamp":"2018-04-10T17:31:54.339Z"}
{"level":"error","message":"Error when trying to send a message to specific client : client is not defined","timestamp":"2018-04-10T17:31:54.339Z"}
{"level":"error","message":"Error when trying to send a message to specific client : client is not defined","timestamp":"2018-04-10T17:31:54.340Z"}
{"level":"error","message":"Error when trying to send a message to specific client : client is not defined","timestamp":"2018-04-10T17:31:54.340Z"}
{"level":"error","message":"Error when trying to send a message to specific client : client is not defined","timestamp":"2018-04-10T17:31:54.341Z"}
{"level":"error","message":"Error when trying to send a message to specific client : client is not defined","timestamp":"2018-04-10T17:31:54.341Z"}
{"level":"error","message":"Error when trying to send a message to specific client : client is not defined","timestamp":"2018-04-10T17:33:32.647Z"}
{"level":"error","message":"Error when trying to send a message to specific client : client is not defined","timestamp":"2018-04-10T17:33:32.647Z"}
{"level":"error","message":"Error when trying to send a message to specific client : client is not defined","timestamp":"2018-04-10T17:33:32.648Z"}
{"level":"error","message":"Error when trying to send a message to specific client : client is not defined","timestamp":"2018-04-10T17:33:32.648Z"}
{"level":"error","message":"Error when trying to send a message to specific client : client is not defined","timestamp":"2018-04-10T17:33:32.648Z"}
{"level":"error","message":"Error when trying to send a message to specific client : client is not defined","timestamp":"2018-04-10T17:33:32.649Z"}
{"level":"error","message":"Error when trying to send a message to specific client : client is not defined","timestamp":"2018-04-10T17:33:32.649Z"}
{"level":"error","message":"Error when trying to send a message to specific client : client is not defined","timestamp":"2018-04-10T17:33:32.650Z"}
{"level":"error","message":"Error when trying to send a message to specific client : client is not defined","timestamp":"2018-04-10T17:33:32.651Z"}
{"level":"error","message":"Error when trying to send a message to specific client : client is not defined","timestamp":"2018-04-10T17:33:32.651Z"}
{"level":"error","message":"Error when trying to send a message to specific client : client is not defined","timestamp":"2018-04-10T17:33:32.652Z"}
{"level":"error","message":"Error when trying to send a message to specific client : client is not defined","timestamp":"2018-04-10T17:33:32.652Z"}
{"level":"error","message":"Error when trying to send a message to specific client : client is not defined","timestamp":"2018-04-10T17:33:32.654Z"}
{"level":"error","message":"Error when trying to send a message to specific client : client is not defined","timestamp":"2018-04-10T17:33:32.655Z"}
{"level":"error","message":"Error when trying to send a message to specific client : client is not defined","timestamp":"2018-04-10T17:33:32.656Z"}
{"level":"error","message":"Error when trying to send a message to specific client : client is not defined","timestamp":"2018-04-10T17:33:32.656Z"}
{"level":"error","message":"Error when trying to send a message to specific client : client is not defined","timestamp":"2018-04-10T17:33:32.657Z"}
{"level":"error","message":"Error when trying to send a message to specific client : client is not defined","timestamp":"2018-04-10T18:44:04.623Z"}
{"level":"error","message":"Error when trying to send a message to specific client : client is not defined","timestamp":"2018-04-10T18:44:04.623Z"}
{"level":"error","message":"Error when trying to send a message to specific client : client is not defined","timestamp":"2018-04-10T18:44:04.624Z"}
{"level":"error","message":"Error when trying to send a message to specific client : client is not defined","timestamp":"2018-04-10T18:44:04.624Z"}
{"level":"error","message":"Error when trying to send a message to specific client : client is not defined","timestamp":"2018-04-10T18:44:04.625Z"}
{"level":"error","message":"Error when trying to send a message to specific client : client is not defined","timestamp":"2018-04-10T18:44:04.626Z"}
{"level":"error","message":"Error when trying to send a message to specific client : client is not defined","timestamp":"2018-04-10T18:44:04.626Z"}
{"level":"error","message":"Error when trying to send a message to specific client : client is not defined","timestamp":"2018-04-10T18:44:04.627Z"}
{"level":"error","message":"Error when trying to send a message to specific client : client is not defined","timestamp":"2018-04-10T18:44:04.627Z"}
{"level":"error","message":"Error when trying to send a message to specific client : client is not defined","timestamp":"2018-04-10T18:44:04.628Z"}
{"level":"error","message":"Error when trying to send a message to specific client : client is not defined","timestamp":"2018-04-10T18:44:04.628Z"}
{"level":"error","message":"Error when trying to send a message to specific client : client is not defined","timestamp":"2018-04-10T18:44:04.629Z"}
{"level":"error","message":"Error when trying to send a message to specific client : client is not defined","timestamp":"2018-04-10T18:44:04.629Z"}
{"level":"error","message":"Error when trying to send a message to specific client : client is not defined","timestamp":"2018-04-10T18:44:04.630Z"}
{"level":"error","message":"Error when trying to send a message to specific client : client is not defined","timestamp":"2018-04-10T18:44:04.630Z"}
{"level":"error","message":"Error when trying to send a message to specific client : client is not defined","timestamp":"2018-04-10T18:44:04.631Z"}
{"level":"error","message":"Error when trying to send a message to specific client : client is not defined","timestamp":"2018-04-10T18:44:04.631Z"}
{"level":"error","message":"Error when trying to send a message to specific client : client is not defined","timestamp":"2018-04-10T18:44:04.632Z"}
{"level":"error","message":"Error when trying to send a message to specific client : client is not defined","timestamp":"2018-04-10T18:44:04.632Z"}
{"level":"error","message":"Error when trying to send a message to specific client : client is not defined","timestamp":"2018-04-10T18:44:04.633Z"}
{"level":"error","message":"Error when trying to send a message to specific client : client is not defined","timestamp":"2018-04-10T18:44:04.633Z"}
{"level":"error","message":"[needAssistance] Error: projectName is not defined","timestamp":"2018-04-10T18:44:04.639Z"}
{"date":"Tue Apr 10 2018 21:40:50 GMT+0200 (Paris, Madrid (heure d’été))","process":{"pid":17428,"uid":null,"gid":null,"cwd":"d:\\Projets informatiques\\MyLearningChain.socketio","execPath":"C:\\Program Files\\nodejs\\node.exe","version":"v9.2.0","argv":["C:\\Program Files\\nodejs\\node.exe","d:\\Projets informatiques\\MyLearningChain.socketio\\server.js"],"memoryUsage":{"rss":48107520,"heapTotal":20054016,"heapUsed":17743248,"external":38798}},"os":{"loadavg":[0,0,0],"uptime":310254.8890796},"trace":[{"column":11,"file":"_http_outgoing.js","function":"write_","line":654,"method":null,"native":false},{"column":10,"file":"_http_outgoing.js","function":"ClientRequest.write","line":629,"method":"write","native":false},{"column":27,"file":"d:\\Projets informatiques\\MyLearningChain.socketio\\node_modules\\request\\request.js","function":"Request.write","line":1501,"method":"write","native":false},{"column":18,"file":"d:\\Projets informatiques\\MyLearningChain.socketio\\node_modules\\request\\request.js","function":"end","line":546,"method":null,"native":false},{"column":7,"file":"d:\\Projets informatiques\\MyLearningChain.socketio\\node_modules\\request\\request.js","function":null,"line":575,"method":null,"native":false},{"column":20,"file":"timers.js","function":"runCallback","line":800,"method":null,"native":false},{"column":5,"file":"timers.js","function":"tryOnImmediate","line":762,"method":null,"native":false},{"column":5,"file":"timers.js","function":"processImmediate [as _immediateCallback]","line":733,"method":null,"native":false}],"stack":["TypeError [ERR_INVALID_ARG_TYPE]: The first argument must be one of type string or Buffer","    at write_ (_http_outgoing.js:654:11)","    at ClientRequest.write (_http_outgoing.js:629:10)","    at Request.write (d:\\Projets informatiques\\MyLearningChain.socketio\\node_modules\\request\\request.js:1501:27)","    at end (d:\\Projets informatiques\\MyLearningChain.socketio\\node_modules\\request\\request.js:546:18)","    at Immediate.<anonymous> (d:\\Projets informatiques\\MyLearningChain.socketio\\node_modules\\request\\request.js:575:7)","    at runCallback (timers.js:800:20)","    at tryOnImmediate (timers.js:762:5)","    at processImmediate [as _immediateCallback] (timers.js:733:5)"],"level":"error","message":"uncaughtException: The first argument must be one of type string or Buffer","timestamp":"2018-04-10T19:40:50.384Z"}
{"date":"Tue Apr 10 2018 21:42:25 GMT+0200 (Paris, Madrid (heure d’été))","process":{"pid":8164,"uid":null,"gid":null,"cwd":"d:\\Projets informatiques\\MyLearningChain.socketio","execPath":"C:\\Program Files\\nodejs\\node.exe","version":"v9.2.0","argv":["C:\\Program Files\\nodejs\\node.exe","d:\\Projets informatiques\\MyLearningChain.socketio\\server.js"],"memoryUsage":{"rss":47476736,"heapTotal":20578304,"heapUsed":17517104,"external":38798}},"os":{"loadavg":[0,0,0],"uptime":310350.4399447},"trace":[{"column":11,"file":"_http_outgoing.js","function":"write_","line":654,"method":null,"native":false},{"column":10,"file":"_http_outgoing.js","function":"ClientRequest.write","line":629,"method":"write","native":false},{"column":27,"file":"d:\\Projets informatiques\\MyLearningChain.socketio\\node_modules\\request\\request.js","function":"Request.write","line":1501,"method":"write","native":false},{"column":18,"file":"d:\\Projets informatiques\\MyLearningChain.socketio\\node_modules\\request\\request.js","function":"end","line":546,"method":null,"native":false},{"column":7,"file":"d:\\Projets informatiques\\MyLearningChain.socketio\\node_modules\\request\\request.js","function":null,"line":575,"method":null,"native":false},{"column":20,"file":"timers.js","function":"runCallback","line":800,"method":null,"native":false},{"column":5,"file":"timers.js","function":"tryOnImmediate","line":762,"method":null,"native":false},{"column":5,"file":"timers.js","function":"processImmediate [as _immediateCallback]","line":733,"method":null,"native":false}],"stack":["TypeError [ERR_INVALID_ARG_TYPE]: The first argument must be one of type string or Buffer","    at write_ (_http_outgoing.js:654:11)","    at ClientRequest.write (_http_outgoing.js:629:10)","    at Request.write (d:\\Projets informatiques\\MyLearningChain.socketio\\node_modules\\request\\request.js:1501:27)","    at end (d:\\Projets informatiques\\MyLearningChain.socketio\\node_modules\\request\\request.js:546:18)","    at Immediate.<anonymous> (d:\\Projets informatiques\\MyLearningChain.socketio\\node_modules\\request\\request.js:575:7)","    at runCallback (timers.js:800:20)","    at tryOnImmediate (timers.js:762:5)","    at processImmediate [as _immediateCallback] (timers.js:733:5)"],"level":"error","message":"uncaughtException: The first argument must be one of type string or Buffer","timestamp":"2018-04-10T19:42:25.938Z"}
{"level":"error","message":"Error on token verification : request to api failed : RequestError: Error: Argument error, options.body.","timestamp":"2018-04-10T19:42:25.941Z"}
{"level":"error","message":"Error on token verification : request to api failed : SyntaxError: Unexpected token u in JSON at position 0","timestamp":"2018-04-10T19:55:35.498Z"}
{"level":"error","message":"Verify token : bad token => null","timestamp":"2018-04-10T21:39:58.930Z"}
{"level":"error","message":"Error on token verification : request to api failed : TypeError: Promise.catch is not a function","timestamp":"2018-04-10T21:39:58.936Z"}
{"level":"error","message":"Verify token : bad token => null","timestamp":"2018-04-10T21:44:58.846Z"}
{"level":"error","message":"Error on token verification : request to api failed : TypeError: Promise.catch is not a function","timestamp":"2018-04-10T21:44:58.847Z"}
{"level":"error","message":"Verify token : bad token => null","timestamp":"2018-04-10T21:48:24.084Z"}
{"level":"error","message":"Error on token verification : request to api failed : TypeError: Promise.catch is not a function","timestamp":"2018-04-10T21:48:24.085Z"}
{"level":"error","message":"Verify token : bad token => null","timestamp":"2018-04-10T21:50:43.519Z"}
{"level":"error","message":"Error on token verification : request to api failed : TypeError: Promise.catch is not a function","timestamp":"2018-04-10T21:50:43.519Z"}
{"level":"error","message":"Verify token : bad token => null","timestamp":"2018-04-10T21:53:42.531Z"}
{"level":"error","message":"Error on token verification : request to api failed : TypeError: Promise.catch is not a function","timestamp":"2018-04-10T21:53:42.531Z"}
{"level":"error","message":"Verify token : bad token => null","timestamp":"2018-04-11T10:26:28.384Z"}
{"level":"error","message":"Error on token verification : request to api failed : TypeError: Promise.catch is not a function","timestamp":"2018-04-11T10:26:28.388Z"}
{"level":"error","message":"Verify token : bad token => null","timestamp":"2018-04-11T10:31:57.815Z"}
{"level":"error","message":"Error on token verification : request to api failed : TypeError: Promise.catch is not a function","timestamp":"2018-04-11T10:31:57.816Z"}
{"level":"error","message":"Verify token : bad token => null","timestamp":"2018-04-11T11:30:30.396Z"}
{"level":"error","message":"Error on token verification : request to api failed : TypeError: Promise.catch is not a function","timestamp":"2018-04-11T11:30:30.397Z"}
{"level":"error","message":"Verify token : bad token => null","timestamp":"2018-04-11T11:31:19.902Z"}
{"level":"error","message":"Error on token verification : request to api failed : TypeError: Promise.catch is not a function","timestamp":"2018-04-11T11:31:19.903Z"}
{"level":"error","message":"Verify token : bad token => null","timestamp":"2018-04-11T11:32:25.897Z"}
{"level":"error","message":"Error on token verification : request to api failed : TypeError: Promise.catch is not a function","timestamp":"2018-04-11T11:32:25.898Z"}
{"level":"error","message":"Verify token : bad token => null","timestamp":"2018-04-11T11:47:50.736Z"}
{"level":"error","message":"Error on token verification : request to api failed : TypeError: Promise.catch is not a function","timestamp":"2018-04-11T11:47:50.736Z"}
{"level":"error","message":"Verify token : bad token => null","timestamp":"2018-04-11T11:50:36.935Z"}
{"level":"error","message":"Error on token verification : request to api failed : TypeError: Promise.catch is not a function","timestamp":"2018-04-11T11:50:36.936Z"}
{"level":"error","message":"Verify token : bad token => null","timestamp":"2018-04-11T11:52:28.373Z"}
{"level":"error","message":"Error on token verification : request to api failed : TypeError: Promise.catch is not a function","timestamp":"2018-04-11T11:52:28.373Z"}
{"level":"error","message":"Verify token : bad token => null","timestamp":"2018-04-11T12:04:31.981Z"}
{"level":"error","message":"Error on token verification : request to api failed : TypeError: Promise.catch is not a function","timestamp":"2018-04-11T12:04:31.982Z"}
{"level":"error","message":"Verify token : bad token => null","timestamp":"2018-04-11T12:05:38.858Z"}
{"level":"error","message":"Error on token verification : request to api failed : TypeError: Promise.catch is not a function","timestamp":"2018-04-11T12:05:38.859Z"}
{"level":"error","message":"Verify token : bad token => null","timestamp":"2018-04-11T12:13:18.079Z"}
{"level":"error","message":"Error on token verification : request to api failed : TypeError: Promise.catch is not a function","timestamp":"2018-04-11T12:13:18.079Z"}
{"level":"error","message":"Verify token : bad token => null","timestamp":"2018-04-11T13:06:06.912Z"}
{"level":"error","message":"Error on token verification : request to api failed : TypeError: Promise.catch is not a function","timestamp":"2018-04-11T13:06:06.913Z"}
{"level":"error","message":"Verify token : bad token => null","timestamp":"2018-04-11T13:13:11.242Z"}
{"level":"error","message":"Error on token verification : request to api failed : TypeError: Promise.catch is not a function","timestamp":"2018-04-11T13:13:11.243Z"}
{"level":"error","message":"Verify token : bad token => null","timestamp":"2018-04-11T13:16:41.056Z"}
{"level":"error","message":"Error on token verification : request to api failed : TypeError: Promise.catch is not a function","timestamp":"2018-04-11T13:16:41.056Z"}
{"level":"error","message":"Verify token : bad token => null","timestamp":"2018-04-11T13:29:19.087Z"}
{"level":"error","message":"Error on token verification : request to api failed : TypeError: Promise.catch is not a function","timestamp":"2018-04-11T13:29:19.088Z"}
{"level":"error","message":"Verify token : bad token => null","timestamp":"2018-04-11T13:39:39.464Z"}
{"level":"error","message":"Error on token verification : request to api failed : TypeError: Promise.catch is not a function","timestamp":"2018-04-11T13:39:39.465Z"}
{"level":"error","message":"Verify token : bad token => null","timestamp":"2018-04-11T13:49:17.266Z"}
{"level":"error","message":"Error on token verification : request to api failed : TypeError: Promise.catch is not a function","timestamp":"2018-04-11T13:49:17.266Z"}
{"level":"error","message":"Verify token : bad token => null","timestamp":"2018-04-11T13:56:11.621Z"}
{"level":"error","message":"Error on token verification : request to api failed : TypeError: Promise.catch is not a function","timestamp":"2018-04-11T13:56:11.621Z"}
{"level":"error","message":"Verify token : bad token => null","timestamp":"2018-04-11T13:57:49.911Z"}
{"level":"error","message":"Error on token verification : request to api failed : TypeError: Promise.catch is not a function","timestamp":"2018-04-11T13:57:49.911Z"}
{"level":"error","message":"Verify token : bad token => null","timestamp":"2018-04-11T14:03:40.055Z"}
{"level":"error","message":"Error on token verification : request to api failed : TypeError: Promise.catch is not a function","timestamp":"2018-04-11T14:03:40.055Z"}
{"level":"error","message":"Verify token : bad token => null","timestamp":"2018-04-11T14:05:24.286Z"}
{"level":"error","message":"Error on token verification : request to api failed : TypeError: Promise.catch is not a function","timestamp":"2018-04-11T14:05:24.286Z"}
{"level":"error","message":"Verify token : bad token => null","timestamp":"2018-04-11T14:09:18.610Z"}
{"level":"error","message":"Error on token verification : request to api failed : TypeError: Promise.catch is not a function","timestamp":"2018-04-11T14:09:18.611Z"}
{"level":"error","message":"Verify token : bad token => null","timestamp":"2018-04-11T14:10:46.869Z"}
{"level":"error","message":"Error on token verification : request to api failed : TypeError: Promise.catch is not a function","timestamp":"2018-04-11T14:10:46.870Z"}
{"level":"error","message":"Verify token : bad token => null","timestamp":"2018-04-11T14:12:22.514Z"}
{"level":"error","message":"Error on token verification : request to api failed : TypeError: Promise.catch is not a function","timestamp":"2018-04-11T14:12:22.515Z"}
{"level":"error","message":"Verify token : bad token => null","timestamp":"2018-04-11T14:14:51.910Z"}
{"level":"error","message":"Error on token verification : request to api failed : TypeError: Promise.catch is not a function","timestamp":"2018-04-11T14:14:51.910Z"}
{"level":"error","message":"Verify token : bad token => null","timestamp":"2018-04-11T14:16:47.792Z"}
{"level":"error","message":"Error on token verification : request to api failed : TypeError: Promise.catch is not a function","timestamp":"2018-04-11T14:16:47.793Z"}
{"level":"error","message":"Verify token : bad token => null","timestamp":"2018-04-11T14:19:47.338Z"}
{"level":"error","message":"Error on token verification : request to api failed : TypeError: Promise.catch is not a function","timestamp":"2018-04-11T14:19:47.339Z"}
{"level":"error","message":"Verify token : bad token => null","timestamp":"2018-04-11T14:23:51.568Z"}
{"level":"error","message":"Error on token verification : request to api failed : TypeError: Promise.catch is not a function","timestamp":"2018-04-11T14:23:51.569Z"}
{"level":"error","message":"Verify token : bad token => null","timestamp":"2018-04-11T14:37:09.970Z"}
{"level":"error","message":"Error on token verification : request to api failed : TypeError: Promise.catch is not a function","timestamp":"2018-04-11T14:37:09.971Z"}
{"level":"error","message":"Verify token : bad token => null","timestamp":"2018-04-11T14:38:42.960Z"}
{"level":"error","message":"Error on token verification : request to api failed : TypeError: Promise.catch is not a function","timestamp":"2018-04-11T14:38:42.960Z"}
